2024-05-16 23:05:30.707 INFO [main] [com.sunil.employee.starter.EmployeeAppApplication.main(EmployeeAppApplication.java:24)] - Employee Application is starting
2024-05-16 23:05:30.884 INFO [restartedMain] [com.sunil.employee.starter.EmployeeAppApplication.main(EmployeeAppApplication.java:24)] - Employee Application is starting
2024-05-16 23:05:31.310 INFO [restartedMain] [org.springframework.boot.StartupInfoLogger.logStarting(StartupInfoLogger.java:50)] - Starting EmployeeAppApplication using Java 17.0.9 with PID 64508 (E:\Sunil\MyProjects\MyWorkSpace\employee-app\target\classes started by suniln in E:\Sunil\MyProjects\MyWorkSpace\employee-app)
2024-05-16 23:05:31.317 INFO [restartedMain] [org.springframework.boot.SpringApplication.logStartupProfileInfo(SpringApplication.java:654)] - No active profile set, falling back to 1 default profile: "default"
2024-05-16 23:05:31.390 INFO [restartedMain] [org.springframework.boot.logging.DeferredLog.logTo(DeferredLog.java:252)] - Devtools property defaults active! Set 'spring.devtools.add-properties' to 'false' to disable
2024-05-16 23:05:31.390 INFO [restartedMain] [org.springframework.boot.logging.DeferredLog.logTo(DeferredLog.java:252)] - For additional web related logging consider setting the 'logging.level.web' property to 'DEBUG'
2024-05-16 23:05:31.901 INFO [restartedMain] [org.springframework.data.repository.config.RepositoryConfigurationDelegate.registerRepositoriesIn(RepositoryConfigurationDelegate.java:139)] - Bootstrapping Spring Data JPA repositories in DEFAULT mode.
2024-05-16 23:05:32.061 INFO [restartedMain] [org.springframework.data.repository.config.RepositoryConfigurationDelegate.registerRepositoriesIn(RepositoryConfigurationDelegate.java:208)] - Finished Spring Data repository scanning in 145 ms. Found 1 JPA repository interface.
2024-05-16 23:05:32.965 INFO [restartedMain] [org.springframework.boot.web.embedded.tomcat.TomcatWebServer.initialize(TomcatWebServer.java:109)] - Tomcat initialized with port 8080 (http)
2024-05-16 23:05:32.978 INFO [restartedMain] [org.apache.juli.logging.DirectJDKLog.log(DirectJDKLog.java:173)] - Initializing ProtocolHandler ["http-nio-8080"]
2024-05-16 23:05:32.980 INFO [restartedMain] [org.apache.juli.logging.DirectJDKLog.log(DirectJDKLog.java:173)] - Starting service [Tomcat]
2024-05-16 23:05:32.981 INFO [restartedMain] [org.apache.juli.logging.DirectJDKLog.log(DirectJDKLog.java:173)] - Starting Servlet engine: [Apache Tomcat/10.1.19]
2024-05-16 23:05:33.049 INFO [restartedMain] [org.apache.juli.logging.DirectJDKLog.log(DirectJDKLog.java:173)] - Initializing Spring embedded WebApplicationContext
2024-05-16 23:05:33.050 INFO [restartedMain] [org.springframework.boot.web.servlet.context.ServletWebServerApplicationContext.prepareWebApplicationContext(ServletWebServerApplicationContext.java:296)] - Root WebApplicationContext: initialization completed in 1659 ms
2024-05-16 23:05:33.107 INFO [restartedMain] [com.sunil.employee.config.PersistenceContext.getDataSource(PersistenceContext.java:59)] - [PersistenceContext][getDataSource] : loading DataSource
2024-05-16 23:05:33.126 INFO [MLog-Init-Reporter] [com.mchange.v2.log.slf4j.Slf4jMLog$Slf4jMLogger$InfoLogger.log(Slf4jMLog.java:212)] - MLog clients using slf4j logging.
2024-05-16 23:05:33.149 INFO [restartedMain] [com.mchange.v2.log.slf4j.Slf4jMLog$Slf4jMLogger$InfoLogger.log(Slf4jMLog.java:212)] - Initializing c3p0-0.9.5.5 [built 11-December-2019 22:18:33 -0800; debug? true; trace: 10]
2024-05-16 23:05:33.240 INFO [restartedMain] [com.sunil.employee.config.PersistenceContext.entityManagerFactory(PersistenceContext.java:75)] - [PersistenceContext][getEntityManager] : loading EntityManager
2024-05-16 23:05:33.285 INFO [restartedMain] [org.hibernate.jpa.internal.util.LogHelper.logPersistenceUnitInformation(LogHelper.java:31)] - HHH000204: Processing PersistenceUnitInfo [name: entityManager]
2024-05-16 23:05:33.349 INFO [restartedMain] [org.hibernate.Version.logVersion(Version.java:44)] - HHH000412: Hibernate ORM core version 6.4.4.Final
2024-05-16 23:05:33.383 INFO [restartedMain] [org.hibernate.cache.internal.RegionFactoryInitiator.initiateService(RegionFactoryInitiator.java:50)] - HHH000026: Second-level cache disabled
2024-05-16 23:05:33.723 INFO [restartedMain] [org.springframework.orm.jpa.persistenceunit.SpringPersistenceUnitInfo.addTransformer(SpringPersistenceUnitInfo.java:87)] - No LoadTimeWeaver setup: ignoring JPA class transformer
2024-05-16 23:05:33.800 INFO [restartedMain] [com.mchange.v2.log.slf4j.Slf4jMLog$Slf4jMLogger$InfoLogger.log(Slf4jMLog.java:212)] - Initializing c3p0 pool... com.mchange.v2.c3p0.ComboPooledDataSource [ acquireIncrement -> 3, acquireRetryAttempts -> 10, acquireRetryDelay -> 1000, autoCommitOnClose -> false, automaticTestTable -> null, breakAfterAcquireFailure -> false, checkoutTimeout -> 0, connectionCustomizerClassName -> null, connectionTesterClassName -> com.mchange.v2.c3p0.impl.DefaultConnectionTester, contextClassLoaderSource -> caller, dataSourceName -> 1hge0ywb31079hcowah1k8|1a1704ac, debugUnreturnedConnectionStackTraces -> false, description -> null, driverClass -> com.mysql.jdbc.Driver, extensions -> {}, factoryClassLocation -> null, forceIgnoreUnresolvedTransactions -> false, forceSynchronousCheckins -> false, forceUseNamedDriverClass -> false, identityToken -> 1hge0ywb31079hcowah1k8|1a1704ac, idleConnectionTestPeriod -> 500, initialPoolSize -> 3, jdbcUrl -> jdbc:mysql://localhost:3306/micro_service, maxAdministrativeTaskTime -> 0, maxConnectionAge -> 0, maxIdleTime -> 500, maxIdleTimeExcessConnections -> 0, maxPoolSize -> 50, maxStatements -> 50, maxStatementsPerConnection -> 0, minPoolSize -> 5, numHelperThreads -> 3, preferredTestQuery -> select 1, privilegeSpawnedThreads -> false, properties -> {hibernate.format_sql=true, hibernate.c3p0.idle_test_period=100, hibernate.dialect=org.hibernate.dialect.MySQLDialect, hibernate.c3p0.min_size=5, password=******, driverClass=com.mysql.jdbc.Driver, idleConnectionTestPeriod=500, maxStatements=50, maxIdleTime=500, hibernate.c3p0.timeout=300, minPoolSize=5, hibernate.c3p0.maxStatements=50, acquireRetryDelay=1000, maxPoolSize=50, hibernate.hbm2ddl.auto=validate, hibernate.c3p0.max_size=40, hibernate.show_sql=true, acquireRetryAttempts=10, testConnectionOnCheckout=true, preferredTestQuery=select 1, jdbcUrl=jdbc:mysql://localhost:3306/micro_service, user=******}, propertyCycle -> 0, statementCacheNumDeferredCloseThreads -> 0, testConnectionOnCheckin -> false, testConnectionOnCheckout -> true, unreturnedConnectionTimeout -> 0, userOverrides -> {}, usesTraditionalReflectiveProxies -> false ]
2024-05-16 23:05:33.818 WARN [restartedMain] [com.mchange.v2.log.slf4j.Slf4jMLog$Slf4jMLogger$WarnLogger.log(Slf4jMLog.java:220)] - Bad pool size config, start 3 < min 5. Using 5 as start.
2024-05-16 23:05:34.048 WARN [restartedMain] [org.hibernate.dialect.Dialect.checkVersion(Dialect.java:353)] - HHH000511: The 5.7.0 version for [org.hibernate.dialect.MySQLDialect] is no longer supported, hence certain features may not work properly. The minimum supported version is 8.0.0. Check the community dialects project for available legacy versions.
2024-05-16 23:05:34.052 WARN [restartedMain] [org.hibernate.engine.jdbc.dialect.internal.DialectFactoryImpl.constructDialect(DialectFactoryImpl.java:153)] - HHH90000025: MySQLDialect does not need to be specified explicitly using 'hibernate.dialect' (remove the property setting and it will be selected by default)
2024-05-16 23:05:34.850 INFO [restartedMain] [org.hibernate.engine.transaction.jta.platform.internal.JtaPlatformInitiator.initiateService(JtaPlatformInitiator.java:58)] - HHH000489: No JTA platform available (set 'hibernate.transaction.jta.platform' to enable JTA platform integration)
2024-05-16 23:05:34.892 INFO [restartedMain] [org.springframework.orm.jpa.AbstractEntityManagerFactoryBean.buildNativeEntityManagerFactory(AbstractEntityManagerFactoryBean.java:437)] - Initialized JPA EntityManagerFactory for persistence unit 'entityManager'
2024-05-16 23:05:35.004 INFO [restartedMain] [com.sunil.employee.serviceImpl.EmployeeServiceImpl.<init>(EmployeeServiceImpl.java:62)] - getAddressAppBaseUrl : http://localhost:8081/address-app/address
2024-05-16 23:05:35.005 INFO [restartedMain] [com.sunil.employee.serviceImpl.EmployeeServiceImpl.<init>(EmployeeServiceImpl.java:63)] - getAddressByEmpNoUrl : null
2024-05-16 23:05:35.592 WARN [restartedMain] [org.springframework.boot.autoconfigure.orm.jpa.JpaBaseConfiguration$JpaWebConfiguration.openEntityManagerInViewInterceptor(JpaBaseConfiguration.java:232)] - spring.jpa.open-in-view is enabled by default. Therefore, database queries may be performed during view rendering. Explicitly configure spring.jpa.open-in-view to disable this warning
2024-05-16 23:05:35.907 WARN [restartedMain] [org.springframework.boot.devtools.autoconfigure.OptionalLiveReloadServer.startServer(OptionalLiveReloadServer.java:62)] - Unable to start LiveReload server
2024-05-16 23:05:35.926 INFO [restartedMain] [org.apache.juli.logging.DirectJDKLog.log(DirectJDKLog.java:173)] - Starting ProtocolHandler ["http-nio-8080"]
2024-05-16 23:05:35.944 INFO [restartedMain] [org.springframework.boot.web.embedded.tomcat.TomcatWebServer.start(TomcatWebServer.java:241)] - Tomcat started on port 8080 (http) with context path '/employee-app'
2024-05-16 23:05:35.955 INFO [restartedMain] [org.springframework.boot.StartupInfoLogger.logStarted(StartupInfoLogger.java:56)] - Started EmployeeAppApplication in 5.065 seconds (process running for 6.11)
2024-05-16 23:05:35.958 INFO [restartedMain] [com.sunil.employee.starter.EmployeeAppApplication.main(EmployeeAppApplication.java:26)] - Employee Application is started
2024-05-16 23:05:53.944 INFO [http-nio-8080-exec-2] [org.apache.juli.logging.DirectJDKLog.log(DirectJDKLog.java:173)] - Initializing Spring DispatcherServlet 'dispatcherServlet'
2024-05-16 23:05:53.945 INFO [http-nio-8080-exec-2] [org.springframework.web.servlet.FrameworkServlet.initServletBean(FrameworkServlet.java:532)] - Initializing Servlet 'dispatcherServlet'
2024-05-16 23:05:53.948 INFO [http-nio-8080-exec-2] [org.springframework.web.servlet.FrameworkServlet.initServletBean(FrameworkServlet.java:554)] - Completed initialization in 2 ms
2024-05-16 23:05:54.025 INFO [http-nio-8080-exec-2] [com.sunil.employee.controller.EmployeeController.getEmployeeByEmpNo(EmployeeController.java:61)] - [EmployeeController][getEmployeeById]
2024-05-16 23:05:54.026 INFO [http-nio-8080-exec-2] [com.sunil.employee.serviceImpl.EmployeeServiceImpl.getEmployeeByEmpNo(EmployeeServiceImpl.java:107)] - [EmployeeServiceImpl][getEmployeeByEmpNo]
2024-05-16 23:05:56.029 INFO [http-nio-8080-exec-2] [com.sunil.employee.controller.EmployeeController.getEmployeeByEmpNo(EmployeeController.java:77)] - [EmployeeController][getEmployeeById] - response : BaseResponseDTO(status=0, respCode=0, respMessage=null, data=EmployeeDetailsDTO(id=1, empNo=4023, empName=N Sunil, email=sunilnemani1311@gmail.com, mobileNumber=9972446635, bloodGroup=O+ve, addressDetails=AddressDetailsDTO(slNo=1, empNo=4023, address=Address line, street=Street, landMark=99 Mart, city=Bangalore, state=Karnataka, country=India, pincode=560061)))
2024-05-16 23:06:06.847 INFO [http-nio-8080-exec-3] [com.sunil.employee.controller.EmployeeController.getEmployeeByEmpNo(EmployeeController.java:61)] - [EmployeeController][getEmployeeById]
2024-05-16 23:06:06.847 INFO [http-nio-8080-exec-3] [com.sunil.employee.serviceImpl.EmployeeServiceImpl.getEmployeeByEmpNo(EmployeeServiceImpl.java:107)] - [EmployeeServiceImpl][getEmployeeByEmpNo]
2024-05-16 23:06:06.864 INFO [http-nio-8080-exec-3] [com.sunil.employee.controller.EmployeeController.getEmployeeByEmpNo(EmployeeController.java:77)] - [EmployeeController][getEmployeeById] - response : BaseResponseDTO(status=0, respCode=0, respMessage=null, data=EmployeeDetailsDTO(id=1, empNo=4023, empName=N Sunil, email=sunilnemani1311@gmail.com, mobileNumber=9972446635, bloodGroup=O+ve, addressDetails=AddressDetailsDTO(slNo=1, empNo=4023, address=Address line, street=Street, landMark=99 Mart, city=Bangalore, state=Karnataka, country=India, pincode=560061)))
2024-05-16 23:06:28.536 INFO [http-nio-8080-exec-4] [com.sunil.employee.controller.EmployeeController.getEmployeeByEmpNo(EmployeeController.java:61)] - [EmployeeController][getEmployeeById]
2024-05-16 23:06:28.537 INFO [http-nio-8080-exec-4] [com.sunil.employee.serviceImpl.EmployeeServiceImpl.getEmployeeByEmpNo(EmployeeServiceImpl.java:107)] - [EmployeeServiceImpl][getEmployeeByEmpNo]
2024-05-16 23:06:28.555 INFO [http-nio-8080-exec-4] [com.sunil.employee.controller.EmployeeController.getEmployeeByEmpNo(EmployeeController.java:77)] - [EmployeeController][getEmployeeById] - response : BaseResponseDTO(status=0, respCode=0, respMessage=null, data=EmployeeDetailsDTO(id=1, empNo=4023, empName=N Sunil, email=sunilnemani1311@gmail.com, mobileNumber=9972446635, bloodGroup=O+ve, addressDetails=AddressDetailsDTO(slNo=1, empNo=4023, address=Address line, street=Street, landMark=99 Mart, city=Bangalore, state=Karnataka, country=India, pincode=560061)))
